# JRE version: OpenJDK Runtime Environment Microsoft-11926163 (17.0.16+8) (build 17.0.16+8-LTS)
# Java VM: OpenJDK 64-Bit Server VM Microsoft-11926163 (17.0.16+8-LTS, mixed mode, sharing, tiered, compressed oops, compressed class ptrs, g1 gc, windows-amd64)
GC Precious Log:
 CPUs: 4 total, 4 available
 Memory: 10116M
 Large Page Support: Disabled
 NUMA Support: Disabled
 Compressed Oops: Enabled (32-bit)
 Heap Region Size: 1M
 Heap Min Capacity: 8M
 Heap Initial Capacity: 160M
 Heap Max Capacity: 2G
 Pre-touch: Disabled
 Parallel Workers: 4
 Concurrent Workers: 1
 Concurrent Refinement Workers: 4
 Periodic GC: Disabled
Heap:
 garbage-first heap   total 96256K, used 74752K [0x0000000080000000, 0x0000000100000000)
  region size 1024K, 3 young (3072K), 1 survivors (1024K)
 Metaspace       used 71585K, committed 72576K, reserved 491520K
  class space    used 10246K, committed 10688K, reserved 425984K
GC Heap History (20 events):
Event: 29.756 GC heap before
{Heap before GC invocations=30 (full 0):
 garbage-first heap   total 96256K, used 57602K [0x0000000080000000, 0x0000000100000000)
  region size 1024K, 4 young (4096K), 2 survivors (2048K)
 Metaspace       used 62990K, committed 63872K, reserved 491520K
  class space    used 9048K, committed 9472K, reserved 425984K
}
Event: 29.760 GC heap after
{Heap after GC invocations=31 (full 0):
 garbage-first heap   total 96256K, used 55327K [0x0000000080000000, 0x0000000100000000)
  region size 1024K, 1 young (1024K), 1 survivors (1024K)
 Metaspace       used 62990K, committed 63872K, reserved 491520K
  class space    used 9048K, committed 9472K, reserved 425984K
}
Event: 31.127 GC heap before
{Heap before GC invocations=31 (full 0):
 garbage-first heap   total 96256K, used 78879K [0x0000000080000000, 0x0000000100000000)
  region size 1024K, 25 young (25600K), 1 survivors (1024K)
 Metaspace       used 64559K, committed 65408K, reserved 491520K
  class space    used 9248K, committed 9664K, reserved 425984K
}
Event: 31.132 GC heap after
{Heap after GC invocations=32 (full 0):
 garbage-first heap   total 96256K, used 58282K [0x0000000080000000, 0x0000000100000000)
  region size 1024K, 4 young (4096K), 4 survivors (4096K)
 Metaspace       used 64559K, committed 65408K, reserved 491520K
  class space    used 9248K, committed 9664K, reserved 425984K
}
Event: 32.119 GC heap before
{Heap before GC invocations=32 (full 0):
 garbage-first heap   total 96256K, used 78762K [0x0000000080000000, 0x0000000100000000)
  region size 1024K, 24 young (24576K), 4 survivors (4096K)
 Metaspace       used 65470K, committed 66368K, reserved 491520K
  class space    used 9350K, committed 9792K, reserved 425984K
}
Event: 32.127 GC heap after
{Heap after GC invocations=33 (full 0):
 garbage-first heap   total 96256K, used 60307K [0x0000000080000000, 0x0000000100000000)
  region size 1024K, 3 young (3072K), 3 survivors (3072K)
 Metaspace       used 65470K, committed 66368K, reserved 491520K
  class space    used 9350K, committed 9792K, reserved 425984K
}
Event: 32.970 GC heap before
{Heap before GC invocations=33 (full 0):
 garbage-first heap   total 96256K, used 78739K [0x0000000080000000, 0x0000000100000000)
  region size 1024K, 21 young (21504K), 3 survivors (3072K)
 Metaspace       used 66482K, committed 67392K, reserved 491520K
  class space    used 9487K, committed 9920K, reserved 425984K
}
Event: 32.977 GC heap after
{Heap after GC invocations=34 (full 0):
 garbage-first heap   total 96256K, used 62249K [0x0000000080000000, 0x0000000100000000)
  region size 1024K, 3 young (3072K), 3 survivors (3072K)
 Metaspace       used 66482K, committed 67392K, reserved 491520K
  class space    used 9487K, committed 9920K, reserved 425984K
}
Event: 33.652 GC heap before
{Heap before GC invocations=34 (full 0):
 garbage-first heap   total 96256K, used 78633K [0x0000000080000000, 0x0000000100000000)
  region size 1024K, 19 young (19456K), 3 survivors (3072K)
 Metaspace       used 67744K, committed 68672K, reserved 491520K
  class space    used 9712K, committed 10176K, reserved 425984K
}
Event: 33.659 GC heap after
{Heap after GC invocations=35 (full 0):
 garbage-first heap   total 96256K, used 63626K [0x0000000080000000, 0x0000000100000000)
  region size 1024K, 2 young (2048K), 2 survivors (2048K)
 Metaspace       used 67744K, committed 68672K, reserved 491520K
  class space    used 9712K, committed 10176K, reserved 425984K
}
Event: 34.847 GC heap before
{Heap before GC invocations=35 (full 0):
 garbage-first heap   total 96256K, used 78986K [0x0000000080000000, 0x0000000100000000)
  region size 1024K, 18 young (18432K), 2 survivors (2048K)
 Metaspace       used 69111K, committed 70080K, reserved 491520K
  class space    used 9960K, committed 10432K, reserved 425984K
}
Event: 34.852 GC heap after
{Heap after GC invocations=36 (full 0):
 garbage-first heap   total 96256K, used 64996K [0x0000000080000000, 0x0000000100000000)
  region size 1024K, 3 young (3072K), 3 survivors (3072K)
 Metaspace       used 69111K, committed 70080K, reserved 491520K
  class space    used 9960K, committed 10432K, reserved 425984K
}
Event: 35.762 GC heap before
{Heap before GC invocations=36 (full 0):
 garbage-first heap   total 96256K, used 79332K [0x0000000080000000, 0x0000000100000000)
  region size 1024K, 18 young (18432K), 3 survivors (3072K)
 Metaspace       used 69796K, committed 70720K, reserved 491520K
  class space    used 10067K, committed 10496K, reserved 425984K
}
Event: 35.769 GC heap after
{Heap after GC invocations=37 (full 0):
 garbage-first heap   total 96256K, used 66627K [0x0000000080000000, 0x0000000100000000)
  region size 1024K, 2 young (2048K), 2 survivors (2048K)
 Metaspace       used 69796K, committed 70720K, reserved 491520K
  class space    used 10067K, committed 10496K, reserved 425984K
}
Event: 36.315 GC heap before
{Heap before GC invocations=37 (full 0):
 garbage-first heap   total 96256K, used 79939K [0x0000000080000000, 0x0000000100000000)
  region size 1024K, 16 young (16384K), 2 survivors (2048K)
 Metaspace       used 70436K, committed 71424K, reserved 491520K
  class space    used 10146K, committed 10624K, reserved 425984K
}
Event: 36.321 GC heap after
{Heap after GC invocations=38 (full 0):
 garbage-first heap   total 96256K, used 68382K [0x0000000080000000, 0x0000000100000000)
  region size 1024K, 2 young (2048K), 2 survivors (2048K)
 Metaspace       used 70436K, committed 71424K, reserved 491520K
  class space    used 10146K, committed 10624K, reserved 425984K
}
Event: 36.735 GC heap before
{Heap before GC invocations=38 (full 0):
 garbage-first heap   total 96256K, used 80670K [0x0000000080000000, 0x0000000100000000)
  region size 1024K, 14 young (14336K), 2 survivors (2048K)
 Metaspace       used 71017K, committed 72000K, reserved 491520K
  class space    used 10224K, committed 10688K, reserved 425984K
}
Event: 36.740 GC heap after
{Heap after GC invocations=39 (full 0):
 garbage-first heap   total 96256K, used 70530K [0x0000000080000000, 0x0000000100000000)
  region size 1024K, 2 young (2048K), 2 survivors (2048K)
 Metaspace       used 71017K, committed 72000K, reserved 491520K
  class space    used 10224K, committed 10688K, reserved 425984K
}
Event: 37.580 GC heap before
{Heap before GC invocations=39 (full 0):
 garbage-first heap   total 96256K, used 80770K [0x0000000080000000, 0x0000000100000000)
  region size 1024K, 12 young (12288K), 2 survivors (2048K)
 Metaspace       used 71384K, committed 72320K, reserved 491520K
  class space    used 10244K, committed 10688K, reserved 425984K
}
Event: 37.586 GC heap after
{Heap after GC invocations=40 (full 0):
 garbage-first heap   total 96256K, used 72650K [0x0000000080000000, 0x0000000100000000)
  region size 1024K, 2 young (2048K), 2 survivors (2048K)
 Metaspace       used 71384K, committed 72320K, reserved 491520K
  class space    used 10244K, committed 10688K, reserved 425984K
}

